Drill report for /home/mike/source/monero-badge-2018/dc26.kicad_pcb
Created on Tue 17 Apr 2018 11:32:51 SAST

Copper Layer Stackup:
    =============================================================
    L1 :  F.Cu                      front
    L2 :  GND                       inner1
    L3 :  VCC                       inner2
    L4 :  B.Cu                      back


Drill file 'dc26.drl' contains
    plated through holes:
    =============================================================
    T1  0.40mm  0.016"  (690 holes)
    T2  1.00mm  0.039"  (2 holes)
    T3  1.02mm  0.040"  (9 holes)
    T4  6.20mm  0.244"  (2 holes)

    Total plated holes count 703


Not plated through holes are merged with plated holes
    unplated through holes:
    =============================================================

    Total unplated holes count 0
